<?xml version="1.0" encoding="UTF-8"?><testrun name="VehicleAssemblyLine" project="VehicleAssemblyLine" tests="30" started="30" failures="0" errors="2" ignored="0">
  <testsuite name="org.talentboost.assembly.factory.tests.VINCreatorShould" time="0.0">
    <testcase name="createVIN_validInput_returnStringWithLength17" classname="org.talentboost.assembly.factory.tests.VINCreatorShould" time="0.0"/>
  </testsuite>
  <testsuite name="org.talentboost.assembly.validators.tests.ModelValidatorShould" time="0.02">
    <testcase name="validate_ValidVehicleWithInvalidModelSubstring_ReturnFalse" classname="org.talentboost.assembly.validators.tests.ModelValidatorShould" time="0.0"/>
    <testcase name="validate_ValidCarWithValidSUVModel_ReturnFalse" classname="org.talentboost.assembly.validators.tests.ModelValidatorShould" time="0.001"/>
    <testcase name="validate_ValidSUVWithValidSUVModel_ReturnTrue" classname="org.talentboost.assembly.validators.tests.ModelValidatorShould" time="0.006"/>
    <testcase name="validate_validVehicleAndModelAndInvalidConfType_ReturnFalse" classname="org.talentboost.assembly.validators.tests.ModelValidatorShould" time="0.006"/>
    <testcase name="validate_invalidVehicleAndModelAndValidConfType_ReturnFalse" classname="org.talentboost.assembly.validators.tests.ModelValidatorShould" time="0.002"/>
    <testcase name="validate_ValidSUVWithValidCarModel_ReturnFalse" classname="org.talentboost.assembly.validators.tests.ModelValidatorShould" time="0.0"/>
    <testcase name="validate_validVehicleAndModelAndConfType_ReturnTrue" classname="org.talentboost.assembly.validators.tests.ModelValidatorShould" time="0.002"/>
    <testcase name="validate_InvalidVehicleWithInvalidVehicleModel_ReturnFalse" classname="org.talentboost.assembly.validators.tests.ModelValidatorShould" time="0.001"/>
    <testcase name="validate_ValidCarWithValidCarModel_ReturnTrue" classname="org.talentboost.assembly.validators.tests.ModelValidatorShould" time="0.001"/>
    <testcase name="validate_InvalidCarWithValidCarModel_ReturnFalse" classname="org.talentboost.assembly.validators.tests.ModelValidatorShould" time="0.0"/>
    <testcase name="validate_ValidVehicleWithInvalidVehicleModel_ReturnFalse" classname="org.talentboost.assembly.validators.tests.ModelValidatorShould" time="0.001"/>
  </testsuite>
  <testsuite name="org.talentboost.assembly.validators.tests.BodyConfigurationValidatorShould" time="0.001">
    <testcase name="validate_ValidBodyConfiguration_ReturnTrue" classname="org.talentboost.assembly.validators.tests.BodyConfigurationValidatorShould" time="0.0"/>
    <testcase name="validate_InvalidBodyConfiguration_ReturnFalse" classname="org.talentboost.assembly.validators.tests.BodyConfigurationValidatorShould" time="0.001"/>
  </testsuite>
  <testsuite name="org.talentboost.assembly.validators.tests.FactoryNumberValidatorShould" time="0.008">
    <testcase name="validate_InvalidNumberCornerCase_ReturnFalse" classname="org.talentboost.assembly.validators.tests.FactoryNumberValidatorShould" time="0.005"/>
    <testcase name="validate_ValidNumber_ReturnTrue" classname="org.talentboost.assembly.validators.tests.FactoryNumberValidatorShould" time="0.0"/>
    <testcase name="validate_InvalidFormat_ReturnExceptionMessage" classname="org.talentboost.assembly.validators.tests.FactoryNumberValidatorShould" time="0.001"/>
    <testcase name="validate_InvalidNumberNegative_ReturnFalse" classname="org.talentboost.assembly.validators.tests.FactoryNumberValidatorShould" time="0.001"/>
    <testcase name="validate_ValidNumberCornerCase_ReturnTrue" classname="org.talentboost.assembly.validators.tests.FactoryNumberValidatorShould" time="0.001"/>
    <testcase name="validate_InvalidNumber_ReturnFalse" classname="org.talentboost.assembly.validators.tests.FactoryNumberValidatorShould" time="0.0"/>
  </testsuite>
  <testsuite name="org.talentboost.assembly.validators.tests.CountryValidatorShould" time="0.015">
    <testcase name="validate_ValidCodeLowerCase_ReturnTrue" classname="org.talentboost.assembly.validators.tests.CountryValidatorShould" time="0.008"/>
    <testcase name="validate_InvalidCodeUpperCase_ReturnFalse" classname="org.talentboost.assembly.validators.tests.CountryValidatorShould" time="0.005"/>
    <testcase name="validate_ValidCodeLowerCase_ReturnFalse" classname="org.talentboost.assembly.validators.tests.CountryValidatorShould" time="0.0"/>
    <testcase name="validate_ValidCodeUpperCase_ReturnTrue" classname="org.talentboost.assembly.validators.tests.CountryValidatorShould" time="0.002"/>
  </testsuite>
  <testsuite name="org.talentboost.assembly.validators.tests.VehicleTypeValidatorShould" time="0.013">
    <testcase name="validate_ValidSUVRepresentationLowerCase_ReturnTrue" classname="org.talentboost.assembly.validators.tests.VehicleTypeValidatorShould" time="0.0"/>
    <testcase name="validate_ValidCarRepresentationUpperCase_ReturnTrue" classname="org.talentboost.assembly.validators.tests.VehicleTypeValidatorShould" time="0.001"/>
    <testcase name="validate_ValidCarRepresentationLowerCase_ReturnTrue" classname="org.talentboost.assembly.validators.tests.VehicleTypeValidatorShould" time="0.001"/>
    <testcase name="validate_InvalidCarRepresentation_ReturnFalse" classname="org.talentboost.assembly.validators.tests.VehicleTypeValidatorShould" time="0.009">
      <error>java.lang.NullPointerException&#13;
	at org.talentboost.assembly.validators.VehicleTypeValidator.validate(VehicleTypeValidator.java:41)&#13;
	at org.talentboost.assembly.validators.tests.VehicleTypeValidatorShould.validate_InvalidCarRepresentation_ReturnFalse(VehicleTypeValidatorShould.java:37)&#13;
	at sun.reflect.NativeMethodAccessorImpl.invoke0(Native Method)&#13;
	at sun.reflect.NativeMethodAccessorImpl.invoke(Unknown Source)&#13;
	at sun.reflect.DelegatingMethodAccessorImpl.invoke(Unknown Source)&#13;
	at java.lang.reflect.Method.invoke(Unknown Source)&#13;
	at org.junit.runners.model.FrameworkMethod$1.runReflectiveCall(FrameworkMethod.java:50)&#13;
	at org.junit.internal.runners.model.ReflectiveCallable.run(ReflectiveCallable.java:12)&#13;
	at org.junit.runners.model.FrameworkMethod.invokeExplosively(FrameworkMethod.java:47)&#13;
	at org.junit.internal.runners.statements.InvokeMethod.evaluate(InvokeMethod.java:17)&#13;
	at org.junit.runners.ParentRunner.runLeaf(ParentRunner.java:325)&#13;
	at org.junit.runners.BlockJUnit4ClassRunner.runChild(BlockJUnit4ClassRunner.java:78)&#13;
	at org.junit.runners.BlockJUnit4ClassRunner.runChild(BlockJUnit4ClassRunner.java:57)&#13;
	at org.junit.runners.ParentRunner$3.run(ParentRunner.java:290)&#13;
	at org.junit.runners.ParentRunner$1.schedule(ParentRunner.java:71)&#13;
	at org.junit.runners.ParentRunner.runChildren(ParentRunner.java:288)&#13;
	at org.junit.runners.ParentRunner.access$000(ParentRunner.java:58)&#13;
	at org.junit.runners.ParentRunner$2.evaluate(ParentRunner.java:268)&#13;
	at org.junit.runners.ParentRunner.run(ParentRunner.java:363)&#13;
	at org.eclipse.jdt.internal.junit4.runner.JUnit4TestReference.run(JUnit4TestReference.java:86)&#13;
	at org.eclipse.jdt.internal.junit.runner.TestExecution.run(TestExecution.java:38)&#13;
	at org.eclipse.jdt.internal.junit.runner.RemoteTestRunner.runTests(RemoteTestRunner.java:459)&#13;
	at org.eclipse.jdt.internal.junit.runner.RemoteTestRunner.runTests(RemoteTestRunner.java:678)&#13;
	at org.eclipse.jdt.internal.junit.runner.RemoteTestRunner.run(RemoteTestRunner.java:382)&#13;
	at org.eclipse.jdt.internal.junit.runner.RemoteTestRunner.main(RemoteTestRunner.java:192)&#13;
&#13;
</error>
    </testcase>
    <testcase name="validate_InvalidSUVRepresentation_ReturnFalse" classname="org.talentboost.assembly.validators.tests.VehicleTypeValidatorShould" time="0.0">
      <error>java.lang.NullPointerException&#13;
	at org.talentboost.assembly.validators.VehicleTypeValidator.validate(VehicleTypeValidator.java:41)&#13;
	at org.talentboost.assembly.validators.tests.VehicleTypeValidatorShould.validate_InvalidSUVRepresentation_ReturnFalse(VehicleTypeValidatorShould.java:43)&#13;
	at sun.reflect.NativeMethodAccessorImpl.invoke0(Native Method)&#13;
	at sun.reflect.NativeMethodAccessorImpl.invoke(Unknown Source)&#13;
	at sun.reflect.DelegatingMethodAccessorImpl.invoke(Unknown Source)&#13;
	at java.lang.reflect.Method.invoke(Unknown Source)&#13;
	at org.junit.runners.model.FrameworkMethod$1.runReflectiveCall(FrameworkMethod.java:50)&#13;
	at org.junit.internal.runners.model.ReflectiveCallable.run(ReflectiveCallable.java:12)&#13;
	at org.junit.runners.model.FrameworkMethod.invokeExplosively(FrameworkMethod.java:47)&#13;
	at org.junit.internal.runners.statements.InvokeMethod.evaluate(InvokeMethod.java:17)&#13;
	at org.junit.runners.ParentRunner.runLeaf(ParentRunner.java:325)&#13;
	at org.junit.runners.BlockJUnit4ClassRunner.runChild(BlockJUnit4ClassRunner.java:78)&#13;
	at org.junit.runners.BlockJUnit4ClassRunner.runChild(BlockJUnit4ClassRunner.java:57)&#13;
	at org.junit.runners.ParentRunner$3.run(ParentRunner.java:290)&#13;
	at org.junit.runners.ParentRunner$1.schedule(ParentRunner.java:71)&#13;
	at org.junit.runners.ParentRunner.runChildren(ParentRunner.java:288)&#13;
	at org.junit.runners.ParentRunner.access$000(ParentRunner.java:58)&#13;
	at org.junit.runners.ParentRunner$2.evaluate(ParentRunner.java:268)&#13;
	at org.junit.runners.ParentRunner.run(ParentRunner.java:363)&#13;
	at org.eclipse.jdt.internal.junit4.runner.JUnit4TestReference.run(JUnit4TestReference.java:86)&#13;
	at org.eclipse.jdt.internal.junit.runner.TestExecution.run(TestExecution.java:38)&#13;
	at org.eclipse.jdt.internal.junit.runner.RemoteTestRunner.runTests(RemoteTestRunner.java:459)&#13;
	at org.eclipse.jdt.internal.junit.runner.RemoteTestRunner.runTests(RemoteTestRunner.java:678)&#13;
	at org.eclipse.jdt.internal.junit.runner.RemoteTestRunner.run(RemoteTestRunner.java:382)&#13;
	at org.eclipse.jdt.internal.junit.runner.RemoteTestRunner.main(RemoteTestRunner.java:192)&#13;
&#13;
</error>
    </testcase>
    <testcase name="validate_ValidSUVRepresentationUpperCase_ReturnTrue" classname="org.talentboost.assembly.validators.tests.VehicleTypeValidatorShould" time="0.0"/>
  </testsuite>
</testrun>
